Requirement already satisfied: numpy in /home/sunchuangyuh/.local/lib/python3.7/site-packages (1.21.6)
Requirement already satisfied: pandas in /home/sunchuangyuh/.local/lib/python3.7/site-packages (1.3.5)
Collecting polars
  Using cached https://files.pythonhosted.org/packages/78/51/06548606024b954bbc25cf0e1c163943b45b1cf49d2a7a41816ab51f3af3/polars-0.16.17.tar.gz
  Installing build dependencies: started
  Installing build dependencies: finished with status 'done'
  Getting requirements to build wheel: started
  Getting requirements to build wheel: finished with status 'done'
    Preparing wheel metadata: started
    Preparing wheel metadata: finished with status 'error'
Job ID           : 45982923
Cluster          : spartan
User/Project     : sunchuangyuh/comp90024
Nodes            : 1
Wall-clock time  : 00:00:30 / 00:20:00

Displaying overall resources usage from 2023-04-02 03:26:49 to 2023-04-02 03:27:19:

NODE            CPU#        TOT%   ( USR   / SYS   / WIO   / IDLE  ) 

spartan-bm059 : 
                CPU# 1    : 1.2    (   0.3 /   0.9 /   0.0 /  98.8 ) 
                CPU# 2    : 1.5    (   0.9 /   0.7 /   0.0 /  98.5 ) 
                CPU# 3    : 1.1    (   0.4 /   0.6 /   0.0 /  98.9 ) 
                CPU# 4    : 1.4    (   0.4 /   1.0 /   0.0 /  98.6 ) 
                CPU# 5    : 1.0    (   0.5 /   0.5 /   0.0 /  99.0 ) 
                CPU# 6    : 1.1    (   0.3 /   0.8 /   0.0 /  98.9 ) 
                CPU# 7    : 2.7    (   0.8 /   1.9 /   0.0 /  97.3 ) 
                CPU# 8    : 58.7   (  52.2 /   6.5 /   0.1 /  41.2 ) 


Allocated CPUs            : 8    
  CPUs with usage <25%    : 7    
  CPUs with usage <50%    : 0    
  CPUs with usage >50%    : 1    

Memory used (RAM)         : 0.0%  [2MB of 65536MB]

--------------------------------------------

