Requirement already satisfied: numpy in /home/sunchuangyuh/.local/lib/python3.7/site-packages (1.21.6)
Requirement already satisfied: pandas in /home/sunchuangyuh/.local/lib/python3.7/site-packages (1.3.5)
Collecting polars
  Using cached https://files.pythonhosted.org/packages/78/51/06548606024b954bbc25cf0e1c163943b45b1cf49d2a7a41816ab51f3af3/polars-0.16.17.tar.gz
  Installing build dependencies: started
  Installing build dependencies: finished with status 'done'
  Getting requirements to build wheel: started
  Getting requirements to build wheel: finished with status 'done'
    Preparing wheel metadata: started
    Preparing wheel metadata: finished with status 'error'
Job ID           : 45982885
Cluster          : spartan
User/Project     : sunchuangyuh/comp90024
Nodes            : 2
Wall-clock time  : 00:00:30 / 00:20:00

Displaying overall resources usage from 2023-04-02 03:24:48 to 2023-04-02 03:25:18:

NODE            CPU#        TOT%   ( USR   / SYS   / WIO   / IDLE  ) 

spartan-bm039 : 
                CPU# 1    : -2.0   (  -1.0 /  -1.0 /  -1.0 /  -1.0 ) 
                CPU# 2    : -2.0   (  -1.0 /  -1.0 /  -1.0 /  -1.0 ) 
                CPU# 3    : -2.0   (  -1.0 /  -1.0 /  -1.0 /  -1.0 ) 
                CPU# 4    : -2.0   (  -1.0 /  -1.0 /  -1.0 /  -1.0 ) 

spartan-bm095 : 
                CPU# 5    : -2.0   (  -1.0 /  -1.0 /  -1.0 /  -1.0 ) 
                CPU# 6    : -2.0   (  -1.0 /  -1.0 /  -1.0 /  -1.0 ) 
                CPU# 7    : -2.0   (  -1.0 /  -1.0 /  -1.0 /  -1.0 ) 
                CPU# 8    : -2.0   (  -1.0 /  -1.0 /  -1.0 /  -1.0 ) 


Allocated CPUs            : 8    
  CPUs with usage <25%    : 8    
  CPUs with usage <50%    : 0    
  CPUs with usage >50%    : 0    

Memory used (RAM)         : 0.0%  [3MB of 65536MB]

--------------------------------------------

