Requirement already satisfied: numpy in /home/sunchuangyuh/.local/lib/python3.7/site-packages (1.21.6)
Requirement already satisfied: pandas in /home/sunchuangyuh/.local/lib/python3.7/site-packages (1.3.5)
Collecting polars
  Downloading https://files.pythonhosted.org/packages/78/51/06548606024b954bbc25cf0e1c163943b45b1cf49d2a7a41816ab51f3af3/polars-0.16.17.tar.gz (1.5MB)
  Installing build dependencies: started
  Installing build dependencies: finished with status 'done'
  Getting requirements to build wheel: started
  Getting requirements to build wheel: finished with status 'done'
    Preparing wheel metadata: started
    Preparing wheel metadata: finished with status 'error'
Job ID           : 45982883
Cluster          : spartan
User/Project     : sunchuangyuh/comp90024
Nodes            : 1
Wall-clock time  : 00:00:31 / 02:00:00

Displaying overall resources usage from 2023-04-02 03:22:46 to 2023-04-02 03:23:17:

NODE            CPU#        TOT%   ( USR   / SYS   / WIO   / IDLE  ) 

spartan-bm019 : 
                CPU# 1    : -2.0   (  -1.0 /  -1.0 /  -1.0 /  -1.0 ) 


Allocated CPUs            : 1    
  CPUs with usage <25%    : 1    
  CPUs with usage <50%    : 0    
  CPUs with usage >50%    : 0    

Memory used (RAM)         : 0.1%  [6MB of 8192MB]

--------------------------------------------

