Requirement already satisfied: numpy in /home/sunchuangyuh/virtualenv/python3.7.4/lib/python3.7/site-packages (1.21.6)
Requirement already satisfied: pandas in /home/sunchuangyuh/virtualenv/python3.7.4/lib/python3.7/site-packages (1.3.5)
Requirement already satisfied: polars in /home/sunchuangyuh/virtualenv/python3.7.4/lib/python3.7/site-packages (0.16.17)
Requirement already satisfied: pytz>=2017.3 in /home/sunchuangyuh/virtualenv/python3.7.4/lib/python3.7/site-packages (from pandas) (2023.3)
Requirement already satisfied: python-dateutil>=2.7.3 in /home/sunchuangyuh/virtualenv/python3.7.4/lib/python3.7/site-packages (from pandas) (2.8.2)
Requirement already satisfied: typing_extensions>=4.0.1 in /home/sunchuangyuh/virtualenv/python3.7.4/lib/python3.7/site-packages (from polars) (4.5.0)
Requirement already satisfied: six>=1.5 in /home/sunchuangyuh/virtualenv/python3.7.4/lib/python3.7/site-packages (from python-dateutil>=2.7.3->pandas) (1.16.0)
Job ID           : 45982974
Cluster          : spartan
User/Project     : sunchuangyuh/comp90024
Nodes            : 1
Wall-clock time  : 00:00:31 / 00:20:00

Displaying overall resources usage from 2023-04-02 03:33:53 to 2023-04-02 03:34:24:

NODE            CPU#        TOT%   ( USR   / SYS   / WIO   / IDLE  ) 

spartan-bm059 : 
                CPU# 1    : 3.2    (   1.4 /   1.8 /   0.0 /  96.8 ) 
                CPU# 2    : 7.7    (   2.9 /   4.8 /   0.2 /  92.1 ) 
                CPU# 3    : 30.7   (  27.2 /   3.6 /   0.1 /  69.1 ) 
                CPU# 4    : 2.6    (   0.5 /   2.1 /   0.2 /  97.2 ) 
                CPU# 5    : 2.1    (   0.6 /   1.5 /   0.2 /  97.7 ) 
                CPU# 6    : 16.4   (  13.6 /   2.8 /   0.2 /  83.4 ) 
                CPU# 7    : 2.1    (   0.7 /   1.4 /   0.1 /  97.8 ) 
                CPU# 8    : 3.3    (   1.8 /   1.5 /   0.2 /  96.5 ) 


Allocated CPUs            : 8    
  CPUs with usage <25%    : 7    
  CPUs with usage <50%    : 1    
  CPUs with usage >50%    : 0    

Memory used (RAM)         : 0.0%  [2MB of 65536MB]

--------------------------------------------

