Requirement already satisfied: numpy in /home/sunchuangyuh/.local/lib/python3.7/site-packages (1.21.6)
Requirement already satisfied: pandas in /home/sunchuangyuh/.local/lib/python3.7/site-packages (1.3.5)
Requirement already satisfied: pytz>=2017.3 in /usr/local/easybuild-2019/easybuild/software/compiler/gcccore/8.3.0/python/3.7.4/lib/python3.7/site-packages (from pandas) (2019.2)
Requirement already satisfied: python-dateutil>=2.7.3 in /usr/local/easybuild-2019/easybuild/software/compiler/gcccore/8.3.0/python/3.7.4/lib/python3.7/site-packages (from pandas) (2.8.0)
Requirement already satisfied: six>=1.5 in /usr/local/easybuild-2019/easybuild/software/compiler/gcccore/8.3.0/python/3.7.4/lib/python3.7/site-packages (from python-dateutil>=2.7.3->pandas) (1.12.0)
                  locat  ...    sal
0            abbotsbury  ...  10002
1      abbotsford (nsw)  ...  10003
2        acacia gardens  ...  10014
3           agnes banks  ...  10021
4                 airds  ...  10022
...                 ...  ...    ...
15335  christmas island  ...  90001
15336       home island  ...  90002
15337        jervis bay  ...  90003
15338    norfolk island  ...  90004
15339       west island  ...  90005

[15340 rows x 4 columns]
                  locat  ...    sal
0            abbotsbury  ...  10002
1      abbotsford (nsw)  ...  10003
2        acacia gardens  ...  10014
3           agnes banks  ...  10021
4                 airds  ...  10022
...                 ...  ...    ...
15335  christmas island  ...  90001
15336       home island  ...  90002
15337        jervis bay  ...  90003
15338    norfolk island  ...  90004
15339       west island  ...  90005

[15340 rows x 4 columns]
                  locat  ...    sal
0            abbotsbury  ...  10002
1      abbotsford (nsw)  ...  10003
2        acacia gardens  ...  10014
3           agnes banks  ...  10021
4                 airds  ...  10022
...                 ...  ...    ...
15335  christmas island  ...  90001
15336       home island  ...  90002
15337        jervis bay  ...  90003
15338    norfolk island  ...  90004
15339       west island  ...  90005

[15340 rows x 4 columns]
                  locat  ...    sal
0            abbotsbury  ...  10002
1      abbotsford (nsw)  ...  10003
2        acacia gardens  ...  10014
3           agnes banks  ...  10021
4                 airds  ...  10022
...                 ...  ...    ...
15335  christmas island  ...  90001
15336       home island  ...  90002
15337        jervis bay  ...  90003
15338    norfolk island  ...  90004
15339       west island  ...  90005

[15340 rows x 4 columns]
                  locat  ...    sal
0            abbotsbury  ...  10002
1      abbotsford (nsw)  ...  10003
2        acacia gardens  ...  10014
3           agnes banks  ...  10021
4                 airds  ...  10022
...                 ...  ...    ...
15335  christmas island  ...  90001
15336       home island  ...  90002
15337        jervis bay  ...  90003
15338    norfolk island  ...  90004
15339       west island  ...  90005

[15340 rows x 4 columns]
                  locat  ...    sal
0            abbotsbury  ...  10002
1      abbotsford (nsw)  ...  10003
2        acacia gardens  ...  10014
3           agnes banks  ...  10021
4                 airds  ...  10022
...                 ...  ...    ...
15335  christmas island  ...  90001
15336       home island  ...  90002
15337        jervis bay  ...  90003
15338    norfolk island  ...  90004
15339       west island  ...  90005

[15340 rows x 4 columns]
                  locat  ...    sal
0            abbotsbury  ...  10002
1      abbotsford (nsw)  ...  10003
2        acacia gardens  ...  10014
3           agnes banks  ...  10021
4                 airds  ...  10022
...                 ...  ...    ...
15335  christmas island  ...  90001
15336       home island  ...  90002
15337        jervis bay  ...  90003
15338    norfolk island  ...  90004
15339       west island  ...  90005

[15340 rows x 4 columns]
                  locat  ...    sal
0            abbotsbury  ...  10002
1      abbotsford (nsw)  ...  10003
2        acacia gardens  ...  10014
3           agnes banks  ...  10021
4                 airds  ...  10022
...                 ...  ...    ...
15335  christmas island  ...  90001
15336       home island  ...  90002
15337        jervis bay  ...  90003
15338    norfolk island  ...  90004
15339       west island  ...  90005

[15340 rows x 4 columns]
