Requirement already satisfied: numpy in /home/sunchuangyuh/.local/lib/python3.7/site-packages (1.21.6)
Requirement already satisfied: pandas in /home/sunchuangyuh/.local/lib/python3.7/site-packages (1.3.5)
Collecting polars
  Using cached https://files.pythonhosted.org/packages/78/51/06548606024b954bbc25cf0e1c163943b45b1cf49d2a7a41816ab51f3af3/polars-0.16.17.tar.gz
  Installing build dependencies: started
  Installing build dependencies: finished with status 'done'
  Getting requirements to build wheel: started
  Getting requirements to build wheel: finished with status 'done'
    Preparing wheel metadata: started
    Preparing wheel metadata: finished with status 'error'
Job ID           : 45982884
Cluster          : spartan
User/Project     : sunchuangyuh/comp90024
Nodes            : 1
Wall-clock time  : 00:00:30 / 00:20:00

Displaying overall resources usage from 2023-04-02 03:26:18 to 2023-04-02 03:26:48:

NODE            CPU#        TOT%   ( USR   / SYS   / WIO   / IDLE  ) 

spartan-bm059 : 
                CPU# 1    : 12.4   (   8.8 /   3.7 /   0.3 /  87.2 ) 
                CPU# 2    : 9.8    (   6.2 /   3.5 /   0.4 /  89.9 ) 
                CPU# 3    : 6.2    (   3.5 /   2.8 /   0.4 /  93.3 ) 
                CPU# 4    : 5.2    (   2.4 /   2.8 /   0.3 /  94.6 ) 
                CPU# 5    : 5.3    (   2.3 /   3.1 /   0.3 /  94.3 ) 
                CPU# 6    : 4.7    (   2.1 /   2.5 /   0.3 /  95.0 ) 
                CPU# 7    : 4.8    (   2.1 /   2.7 /   0.3 /  94.8 ) 
                CPU# 8    : 64.5   (  55.4 /   9.2 /   0.3 /  35.1 ) 


Allocated CPUs            : 8    
  CPUs with usage <25%    : 7    
  CPUs with usage <50%    : 0    
  CPUs with usage >50%    : 1    

Memory used (RAM)         : 0.0%  [2MB of 65536MB]

--------------------------------------------

