Job ID           : 46017490
Cluster          : spartan
User/Project     : sunchuangyuh/comp90024
Nodes            : 2
Wall-clock time  : 00:00:31 / 00:10:00

Displaying overall resources usage from 2023-04-03 12:30:21 to 2023-04-03 12:30:52:

NODE            CPU#        TOT%   ( USR   / SYS   / WIO   / IDLE  ) 

spartan-bm091 : 
                CPU# 1    : 5.4    (   2.9 /   2.5 /   0.0 /  94.5 ) 
                CPU# 2    : 2.7    (   0.8 /   2.0 /   0.0 /  97.3 ) 
                CPU# 3    : 90.9   (  86.8 /   4.1 /   0.0 /   9.1 ) 
                CPU# 4    : 0.7    (   0.3 /   0.4 /   0.0 /  99.3 ) 

spartan-bm104 : 
                CPU# 5    : 15.9   (  14.5 /   1.4 /   0.0 /  84.1 ) 
                CPU# 6    : 1.2    (   0.3 /   0.9 /   0.0 /  98.8 ) 
                CPU# 7    : 18.5   (  17.4 /   1.2 /   0.0 /  81.5 ) 
                CPU# 8    : 0.4    (   0.2 /   0.2 /   0.0 /  99.6 ) 


Allocated CPUs            : 8    
  CPUs with usage <25%    : 7    
  CPUs with usage <50%    : 0    
  CPUs with usage >50%    : 1    

Memory used (RAM)         : 0.0%  [2MB of 32768MB]

--------------------------------------------

