Requirement already satisfied: numpy in /home/sunchuangyuh/virtualenv/python3.7.4/lib/python3.7/site-packages (1.21.6)
Requirement already satisfied: pandas in /home/sunchuangyuh/virtualenv/python3.7.4/lib/python3.7/site-packages (1.3.5)
Requirement already satisfied: polars[all] in /home/sunchuangyuh/virtualenv/python3.7.4/lib/python3.7/site-packages (0.16.17)
Requirement already satisfied: pytz>=2017.3 in /home/sunchuangyuh/virtualenv/python3.7.4/lib/python3.7/site-packages (from pandas) (2023.3)
Requirement already satisfied: python-dateutil>=2.7.3 in /home/sunchuangyuh/virtualenv/python3.7.4/lib/python3.7/site-packages (from pandas) (2.8.2)
Requirement already satisfied: typing_extensions>=4.0.1 in /home/sunchuangyuh/virtualenv/python3.7.4/lib/python3.7/site-packages (from polars[all]) (4.5.0)
Requirement already satisfied: six>=1.5 in /home/sunchuangyuh/virtualenv/python3.7.4/lib/python3.7/site-packages (from python-dateutil>=2.7.3->pandas) (1.16.0)
Requirement already satisfied: xlsx2csv>=0.8.0 in /home/sunchuangyuh/virtualenv/python3.7.4/lib/python3.7/site-packages (from polars[all]) (0.8.1)
Requirement already satisfied: fsspec in /home/sunchuangyuh/virtualenv/python3.7.4/lib/python3.7/site-packages (from polars[all]) (2023.1.0)
Requirement already satisfied: pyarrow>=4.0.0 in /home/sunchuangyuh/virtualenv/python3.7.4/lib/python3.7/site-packages (from polars[all]) (11.0.0)
Requirement already satisfied: connectorx in /home/sunchuangyuh/virtualenv/python3.7.4/lib/python3.7/site-packages (from polars[all]) (0.3.1)
Requirement already satisfied: sqlalchemy in /home/sunchuangyuh/virtualenv/python3.7.4/lib/python3.7/site-packages (from polars[all]) (2.0.8)
Requirement already satisfied: xlsxwriter in /home/sunchuangyuh/virtualenv/python3.7.4/lib/python3.7/site-packages (from polars[all]) (3.0.9)
Requirement already satisfied: backports.zoneinfo in /home/sunchuangyuh/virtualenv/python3.7.4/lib/python3.7/site-packages (from polars[all]) (0.2.1)
Requirement already satisfied: deltalake>=0.8.0 in /home/sunchuangyuh/virtualenv/python3.7.4/lib/python3.7/site-packages (from polars[all]) (0.8.1)
Requirement already satisfied: matplotlib in /home/sunchuangyuh/virtualenv/python3.7.4/lib/python3.7/site-packages (from polars[all]) (3.5.3)
Requirement already satisfied: packaging>=20.0 in /home/sunchuangyuh/virtualenv/python3.7.4/lib/python3.7/site-packages (from matplotlib->polars[all]) (23.0)
Requirement already satisfied: pyparsing>=2.2.1 in /home/sunchuangyuh/virtualenv/python3.7.4/lib/python3.7/site-packages (from matplotlib->polars[all]) (3.0.9)
Requirement already satisfied: pillow>=6.2.0 in /home/sunchuangyuh/virtualenv/python3.7.4/lib/python3.7/site-packages (from matplotlib->polars[all]) (9.5.0)
Requirement already satisfied: cycler>=0.10 in /home/sunchuangyuh/virtualenv/python3.7.4/lib/python3.7/site-packages (from matplotlib->polars[all]) (0.11.0)
Requirement already satisfied: fonttools>=4.22.0 in /home/sunchuangyuh/virtualenv/python3.7.4/lib/python3.7/site-packages (from matplotlib->polars[all]) (4.38.0)
Requirement already satisfied: kiwisolver>=1.0.1 in /home/sunchuangyuh/virtualenv/python3.7.4/lib/python3.7/site-packages (from matplotlib->polars[all]) (1.4.4)
Requirement already satisfied: importlib-metadata in /home/sunchuangyuh/virtualenv/python3.7.4/lib/python3.7/site-packages (from sqlalchemy->polars[all]) (6.1.0)
Requirement already satisfied: greenlet!=0.4.17 in /home/sunchuangyuh/virtualenv/python3.7.4/lib/python3.7/site-packages (from sqlalchemy->polars[all]) (2.0.2)
Requirement already satisfied: zipp>=0.5 in /home/sunchuangyuh/virtualenv/python3.7.4/lib/python3.7/site-packages (from importlib-metadata->sqlalchemy->polars[all]) (3.15.0)
Job ID           : 46017770
Cluster          : spartan
User/Project     : sunchuangyuh/comp90024
Nodes            : 2
Wall-clock time  : 00:03:16 / 00:10:00

Displaying overall resources usage from 2023-04-03 12:42:37 to 2023-04-03 12:45:53:

NODE            CPU#        TOT%   ( USR   / SYS   / WIO   / IDLE  ) 

spartan-bm025 : 
                CPU# 1    : 90.1   (  86.7 /   3.4 /   1.4 /   8.5 ) 
                CPU# 2    : 86.7   (  83.0 /   3.7 /   1.4 /  11.9 ) 
                CPU# 3    : 86.7   (  83.7 /   2.9 /   1.4 /  11.9 ) 
                CPU# 4    : 86.7   (  83.3 /   3.4 /   1.4 /  11.9 ) 

spartan-bm095 : 
                CPU# 5    : 86.0   (  82.6 /   3.4 /   2.0 /  12.0 ) 
                CPU# 6    : 85.8   (  82.6 /   3.3 /   2.1 /  12.1 ) 
                CPU# 7    : 85.9   (  82.8 /   3.1 /   2.0 /  12.1 ) 
                CPU# 8    : 86.3   (  82.9 /   3.5 /   1.8 /  11.8 ) 


Allocated CPUs            : 8    
  CPUs with usage <25%    : 0    
  CPUs with usage <50%    : 0    
  CPUs with usage >50%    : 8    

Memory used (RAM)         : 4.7%  [1555MB of 32768MB]

--------------------------------------------

