[INFO   ] [logger.py :35] 2023-03-26 14:00:47 
========================================================
2023 S1 COMP90024 Cluster & Cloud Computing Assignment 1
Organization: the University of Melbourne
Author: Wei Zhao & Sunchuangyu Huang
Github: https://github.com/rNLKJA/2023-S1-COMP90024-A1/
========================================================
[INFO   ] [main.py   :30] 2023-03-26 14:00:47 
PROGRAM START
[INFO   ] [utils.py  :19] 2023-03-26 14:00:47 
Parsing kwargs
[INFO   ] [sal_processor.py:70] 2023-03-26 14:00:47 
Loading sal.csv
[INFO   ] [sal_processor.py:62] 2023-03-26 14:00:47 
Required sal.csv file exist, continue
[INFO   ] [sal_processor.py:77] 2023-03-26 14:00:47 
Load sal.csv
[INFO   ] [main.py   :65] 2023-03-26 14:00:51 
File read complete
[INFO   ] [main.py   :69] 2023-03-26 14:00:51 
Start task 1, count the number of different tweets made in the Greater Capital cities of Australia
omplete
[INFO   ] [main.py   :69] 2023-03-26 14:00:51 
Start task 1, count the number of different tweets made in the Greater Capital cities of Australia
