[INFO   ] [logger.py :35] 2023-03-25 14:51:32 
========================================================
2023 S1 COMP90024 Cluster & Cloud Computing Assignment 1
Organization: the University of Melbourne
Author: Wei Zhao & Sunchuangyu Huang
Github: https://github.com/rNLKJA/2023-S1-COMP90024-A1/
========================================================
[INFO   ] [main.py   :30] 2023-03-25 14:51:32 
PROGRAM START
[INFO   ] [utils.py  :18] 2023-03-25 14:51:32 
Parsing kwargs
[INFO   ] [sal_processor.py:69] 2023-03-25 14:51:32 
Loading sal.csv
[INFO   ] [sal_processor.py:61] 2023-03-25 14:51:32 
Required sal.csv file exist, continue
[INFO   ] [sal_processor.py:76] 2023-03-25 14:51:32 
Load sal.csv
[INFO   ] [main.py   :45] 2023-03-25 14:51:32 
Current running on 8 nodes

[INFO   ] [main.py   :46] 2023-03-25 14:51:32 
Target file: bigTwitter

