[INFO   ] [logger.py :35] 2023-03-26 13:34:15 
========================================================
2023 S1 COMP90024 Cluster & Cloud Computing Assignment 1
Organization: the University of Melbourne
Author: Wei Zhao & Sunchuangyu Huang
Github: https://github.com/rNLKJA/2023-S1-COMP90024-A1/
========================================================
[INFO   ] [main.py   :30] 2023-03-26 13:34:15 
PROGRAM START
[INFO   ] [utils.py  :19] 2023-03-26 13:34:15 
Parsing kwargs
[INFO   ] [sal_processor.py:70] 2023-03-26 13:34:15 
Loading sal.csv
[INFO   ] [sal_processor.py:62] 2023-03-26 13:34:15 
Required sal.csv file exist, continue
[INFO   ] [sal_processor.py:77] 2023-03-26 13:34:15 
Load sal.csv
[INFO   ] [main.py   :45] 2023-03-26 13:34:15 
Current running on 1 nodes

[INFO   ] [main.py   :46] 2023-03-26 13:34:15 
Target file: twitter-data-small.json

[INFO   ] [main.py   :65] 2023-03-26 13:34:15 
File read complete
[INFO   ] [main.py   :76] 2023-03-26 13:34:15 
Retrive dataframe list
[INFO   ] [main.py   :85] 2023-03-26 13:34:15 
Start merge dataframes
[INFO   ] [main.py   :88] 2023-03-26 13:34:15 
Twitter file twitter-data-small. has a dataframe shape (0, 5)
[INFO   ] [main.py   :92] 2023-03-26 13:34:15 
Programming running seconds: 0.18501663208007812
