[INFO   ] [logger.py :38] 2023-03-30 16:08:41 
========================================================
2023 S1 COMP90024 Cluster & Cloud Computing Assignment 1
Organization: the University of Melbourne
Author: Wei Zhao & Sunchuangyu Huang
Github: https://github.com/rNLKJA/2023-S1-COMP90024-A1/
========================================================
[INFO   ] [main.py   :30] 2023-03-30 16:08:41 
PROGRAM START
[INFO   ] [utils.py  :19] 2023-03-30 16:08:41 
Parsing kwargs
[INFO   ] [sal_processor.py:70] 2023-03-30 16:08:41 
Loading sal.csv
[INFO   ] [sal_processor.py:62] 2023-03-30 16:08:41 
Required sal.csv file exist, continue
[INFO   ] [sal_processor.py:77] 2023-03-30 16:08:41 
Load sal.csv
[INFO   ] [main.py   :45] 2023-03-30 16:08:41 
Current running on 1 nodes

[INFO   ] [main.py   :46] 2023-03-30 16:08:41 
Target file: tinyTwitter.json

[INFO   ] [main.py   :64] 2023-03-30 16:08:41 
File read complete
[INFO   ] [main.py   :132] 2023-03-30 16:08:41 
ALL TASKS COMLETE
[INFO   ] [main.py   :134] 2023-03-30 16:08:41 
Programming running seconds: 0.12617111206054688
