[INFO   ] [logger.py :35] 2023-03-25 14:42:29 
========================================================
2023 S1 COMP90024 Cluster & Cloud Computing Assignment 1
Organization: the University of Melbourne
Author: Wei Zhao & Sunchuangyu Huang
Github: https://github.com/rNLKJA/2023-S1-COMP90024-A1/
========================================================
[INFO   ] [main.py   :30] 2023-03-25 14:42:29 
PROGRAM START
[INFO   ] [utils.py  :18] 2023-03-25 14:42:29 
Parsing kwargs
[INFO   ] [sal_processor.py:69] 2023-03-25 14:42:29 
Loading sal.csv
[INFO   ] [sal_processor.py:72] 2023-03-25 14:42:29 
Missing required sal.csv file, start processing
[INFO   ] [sal_processor.py:19] 2023-03-25 14:42:29 
Loading sal.json into pandas
[INFO   ] [sal_processor.py:26] 2023-03-25 14:42:29 
Convert ste, sal dtype to integer
[INFO   ] [sal_processor.py:32] 2023-03-25 14:42:29 
Remove any location not in city
[INFO   ] [sal_processor.py:36] 2023-03-25 14:42:29 
Substitute brackets in locat
[INFO   ] [sal_processor.py:40] 2023-03-25 14:42:29 
Substitude string ' - ' with ' '
[INFO   ] [sal_processor.py:44] 2023-03-25 14:42:29 
Substitude \. with an empty string
[INFO   ] [sal_processor.py:48] 2023-03-25 14:42:29 
Store sal.csv file.
[INFO   ] [sal_processor.py:74] 2023-03-25 14:42:29 
Completed sal.csv
[INFO   ] [sal_processor.py:76] 2023-03-25 14:42:29 
Load sal.csv
[INFO   ] [main.py   :63] 2023-03-25 14:42:33 
File read complete
8 nodes

[INFO   ] [main.py   :46] 2023-03-25 14:42:29 
Target file: smallTwitter

[INFO   ] [main.py   :63] 2023-03-25 14:42:33 
File read complete
[INFO   ] [main.py   :67] 2023-03-25 14:42:33 
Retrive dataframe list
[INFO   ] [main.py   :76] 2023-03-25 14:42:33 
Start merge dataframes
[INFO   ] [main.py   :80] 2023-03-25 14:42:33 
Twitter file smallTwitter has a dataframe shape (119160, 3)
[INFO   ] [main.py   :83] 2023-03-25 14:42:33 
Programming running seconds: 3.822331190109253
