[INFO   ] [logger.py :35] 2023-03-26 13:36:40 
========================================================
2023 S1 COMP90024 Cluster & Cloud Computing Assignment 1
Organization: the University of Melbourne
Author: Wei Zhao & Sunchuangyu Huang
Github: https://github.com/rNLKJA/2023-S1-COMP90024-A1/
========================================================
[INFO   ] [main.py   :30] 2023-03-26 13:36:40 
PROGRAM START
[INFO   ] [utils.py  :19] 2023-03-26 13:36:40 
Parsing kwargs
[INFO   ] [sal_processor.py:70] 2023-03-26 13:36:40 
Loading sal.csv
[INFO   ] [sal_processor.py:62] 2023-03-26 13:36:40 
Required sal.csv file exist, continue
[INFO   ] [sal_processor.py:77] 2023-03-26 13:36:40 
Load sal.csv
[INFO   ] [main.py   :45] 2023-03-26 13:36:40 
Current running on 1 nodes

[INFO   ] [main.py   :46] 2023-03-26 13:36:40 
Target file: twitter-data-small.json

[INFO   ] [main.py   :67] 2023-03-26 13:36:41 
File read complete
[INFO   ] [main.py   :78] 2023-03-26 13:36:41 
Retrive dataframe list
[INFO   ] [main.py   :87] 2023-03-26 13:36:41 
Start merge dataframes
[INFO   ] [main.py   :90] 2023-03-26 13:36:41 
Twitter file twitter-data-small. has a dataframe shape (88, 5)
[INFO   ] [main.py   :94] 2023-03-26 13:36:41 
Programming running seconds: 0.18719983100891113
