[INFO   ] [logger.py :35] 2023-03-26 13:56:56 
========================================================
2023 S1 COMP90024 Cluster & Cloud Computing Assignment 1
Organization: the University of Melbourne
Author: Wei Zhao & Sunchuangyu Huang
Github: https://github.com/rNLKJA/2023-S1-COMP90024-A1/
========================================================
[INFO   ] [main.py   :30] 2023-03-26 13:56:56 
PROGRAM START
[INFO   ] [utils.py  :19] 2023-03-26 13:56:56 
Parsing kwargs
[INFO   ] [sal_processor.py:70] 2023-03-26 13:56:56 
Loading sal.csv
[INFO   ] [sal_processor.py:62] 2023-03-26 13:56:56 
Required sal.csv file exist, continue
[INFO   ] [sal_processor.py:77] 2023-03-26 13:56:56 
Load sal.csv
[INFO   ] [main.py   :67] 2023-03-26 13:57:01 
File read complete
[INFO   ] [main.py   :71] 2023-03-26 13:57:01 
Start task 1, count the number of different tweets made in the Greater Capital cities of Australia
omplete
[INFO   ] [main.py   :71] 2023-03-26 13:57:01 
Start task 1, count the number of different tweets made in the Greater Capital cities of Australia
