[INFO   ] [logger.py :35] 2023-03-26 13:38:40 
========================================================
2023 S1 COMP90024 Cluster & Cloud Computing Assignment 1
Organization: the University of Melbourne
Author: Wei Zhao & Sunchuangyu Huang
Github: https://github.com/rNLKJA/2023-S1-COMP90024-A1/
========================================================
[INFO   ] [main.py   :30] 2023-03-26 13:38:40 
PROGRAM START
[INFO   ] [utils.py  :19] 2023-03-26 13:38:40 
Parsing kwargs
[INFO   ] [sal_processor.py:70] 2023-03-26 13:38:40 
Loading sal.csv
[INFO   ] [sal_processor.py:62] 2023-03-26 13:38:40 
Required sal.csv file exist, continue
[INFO   ] [sal_processor.py:77] 2023-03-26 13:38:40 
Load sal.csv
[INFO   ] [main.py   :45] 2023-03-26 13:38:40 
Current running on 1 nodes

[INFO   ] [main.py   :46] 2023-03-26 13:38:40 
Target file: twitter-data-small.json

[INFO   ] [main.py   :68] 2023-03-26 13:38:40 
File read complete
[INFO   ] [main.py   :79] 2023-03-26 13:38:40 
Retrive dataframe list
[INFO   ] [main.py   :88] 2023-03-26 13:38:40 
Start merge dataframes
[INFO   ] [main.py   :91] 2023-03-26 13:38:40 
Twitter file twitter-data-small. has a dataframe shape (88, 4)
[INFO   ] [main.py   :95] 2023-03-26 13:38:40 
Programming running seconds: 0.18279719352722168
