[INFO   ] [logger.py :35] 2023-03-26 15:13:37 
========================================================
2023 S1 COMP90024 Cluster & Cloud Computing Assignment 1
Organization: the University of Melbourne
Author: Wei Zhao & Sunchuangyu Huang
Github: https://github.com/rNLKJA/2023-S1-COMP90024-A1/
========================================================
[INFO   ] [main.py   :30] 2023-03-26 15:13:37 
PROGRAM START
[INFO   ] [utils.py  :19] 2023-03-26 15:13:37 
Parsing kwargs
[INFO   ] [sal_processor.py:70] 2023-03-26 15:13:37 
Loading sal.csv
[INFO   ] [sal_processor.py:73] 2023-03-26 15:13:37 
Missing required sal.csv file, start processing
[INFO   ] [sal_processor.py:19] 2023-03-26 15:13:37 
Loading sal.json into pandas
[INFO   ] [sal_processor.py:28] 2023-03-26 15:13:37 
Remove any location not in city
[INFO   ] [sal_processor.py:33] 2023-03-26 15:13:37 
Substitute brackets in location
[INFO   ] [sal_processor.py:37] 2023-03-26 15:13:37 
Substitude string ' - ' with ' '
[INFO   ] [sal_processor.py:41] 2023-03-26 15:13:37 
Substitude \. with an empty string
[INFO   ] [sal_processor.py:49] 2023-03-26 15:13:38 
Store sal.csv file.
[INFO   ] [sal_processor.py:75] 2023-03-26 15:13:38 
Completed sal.csv
[INFO   ] [sal_processor.py:77] 2023-03-26 15:13:38 
Load sal.csv
[INFO   ] [main.py   :45] 2023-03-26 15:13:38 
Current running on 1 nodes

[INFO   ] [main.py   :46] 2023-03-26 15:13:38 
Target file: bigTwitter

