[INFO   ] [logger.py :35] 2023-03-25 16:00:38 
========================================================
2023 S1 COMP90024 Cluster & Cloud Computing Assignment 1
Organization: the University of Melbourne
Author: Wei Zhao & Sunchuangyu Huang
Github: https://github.com/rNLKJA/2023-S1-COMP90024-A1/
========================================================
[INFO   ] [main.py   :30] 2023-03-25 16:00:38 
PROGRAM START
[INFO   ] [utils.py  :18] 2023-03-25 16:00:38 
Parsing kwargs
[INFO   ] [sal_processor.py:69] 2023-03-25 16:00:38 
Loading sal.csv
[INFO   ] [sal_processor.py:61] 2023-03-25 16:00:38 
Required sal.csv file exist, continue
[INFO   ] [sal_processor.py:76] 2023-03-25 16:00:38 
Load sal.csv
[INFO   ] [main.py   :45] 2023-03-25 16:00:38 
Current running on 8 nodes

[INFO   ] [main.py   :46] 2023-03-25 16:00:38 
Target file: smallTwitter

[INFO   ] [main.py   :63] 2023-03-25 16:00:41 
File read complete
[INFO   ] [main.py   :67] 2023-03-25 16:00:41 
Retrive dataframe list
[INFO   ] [main.py   :76] 2023-03-25 16:00:41 
Start merge dataframes
[INFO   ] [main.py   :80] 2023-03-25 16:00:41 
Twitter file smallTwitter has a dataframe shape (119160, 3)
[INFO   ] [main.py   :83] 2023-03-25 16:00:41 
Programming running seconds: 3.8041927814483643
