[INFO   ] [logger.py :35] 2023-03-26 13:36:16 
========================================================
2023 S1 COMP90024 Cluster & Cloud Computing Assignment 1
Organization: the University of Melbourne
Author: Wei Zhao & Sunchuangyu Huang
Github: https://github.com/rNLKJA/2023-S1-COMP90024-A1/
========================================================
[INFO   ] [main.py   :30] 2023-03-26 13:36:16 
PROGRAM START
[INFO   ] [utils.py  :19] 2023-03-26 13:36:16 
Parsing kwargs
[INFO   ] [sal_processor.py:70] 2023-03-26 13:36:16 
Loading sal.csv
[INFO   ] [sal_processor.py:62] 2023-03-26 13:36:16 
Required sal.csv file exist, continue
[INFO   ] [sal_processor.py:77] 2023-03-26 13:36:16 
Load sal.csv
[INFO   ] [main.py   :45] 2023-03-26 13:36:16 
Current running on 1 nodes

[INFO   ] [main.py   :46] 2023-03-26 13:36:16 
Target file: twitter-data-small.json

