[INFO   ] [logger.py :38] 2023-03-30 16:32:55 
========================================================
2023 S1 COMP90024 Cluster & Cloud Computing Assignment 1
Organization: the University of Melbourne
Author: Wei Zhao & Sunchuangyu Huang
Github: https://github.com/rNLKJA/2023-S1-COMP90024-A1/
========================================================
[INFO   ] [main.py   :29] 2023-03-30 16:32:55 
PROGRAM START
[INFO   ] [sal_processor.py:72] 2023-03-30 16:32:55 
Loading sal.csv
[INFO   ] [sal_processor.py:79] 2023-03-30 16:32:55 
Creating sal.csv, start processing
[INFO   ] [sal_processor.py:21] 2023-03-30 16:32:55 
Loading sal.json into pandas
[INFO   ] [sal_processor.py:35] 2023-03-30 16:32:55 
Substitute brackets in location
[INFO   ] [sal_processor.py:39] 2023-03-30 16:32:55 
Substitude string ' - ' with ' '
[INFO   ] [sal_processor.py:43] 2023-03-30 16:32:55 
Substitude \. with an empty string
[INFO   ] [sal_processor.py:51] 2023-03-30 16:32:55 
Store sal.csv file.
[INFO   ] [sal_processor.py:81] 2023-03-30 16:32:55 
Completed sal.csv
[INFO   ] [sal_processor.py:83] 2023-03-30 16:32:55 
Load sal.csv
[INFO   ] [main.py   :45] 2023-03-30 16:32:55 
Current running on 1 nodes

[INFO   ] [main.py   :46] 2023-03-30 16:32:55 
Target file: tinyTwitter.json

[INFO   ] [main.py   :64] 2023-03-30 16:32:55 
File read complete
[INFO   ] [main.py   :132] 2023-03-30 16:32:55 
ALL TASKS COMLETE
[INFO   ] [main.py   :134] 2023-03-30 16:32:55 
Programming running seconds: 0.13129591941833496
