[INFO   ] [logger.py :35] 2023-03-26 14:35:16 
========================================================
2023 S1 COMP90024 Cluster & Cloud Computing Assignment 1
Organization: the University of Melbourne
Author: Wei Zhao & Sunchuangyu Huang
Github: https://github.com/rNLKJA/2023-S1-COMP90024-A1/
========================================================
[INFO   ] [main.py   :30] 2023-03-26 14:35:16 
PROGRAM START
[INFO   ] [utils.py  :19] 2023-03-26 14:35:16 
Parsing kwargs
[INFO   ] [sal_processor.py:70] 2023-03-26 14:35:16 
Loading sal.csv
[INFO   ] [sal_processor.py:62] 2023-03-26 14:35:16 
Required sal.csv file exist, continue
[INFO   ] [sal_processor.py:77] 2023-03-26 14:35:16 
Load sal.csv
[INFO   ] [main.py   :64] 2023-03-26 14:35:20 
File read complete
8 nodes

[INFO   ] [main.py   :46] 2023-03-26 14:35:16 
Target file: smallTwitter.json

[INFO   ] [main.py   :64] 2023-03-26 14:35:20 
File read complete
[INFO   ] [main.py   :131] 2023-03-26 14:35:20 
ALL TASKS COMLETE
[INFO   ] [main.py   :133] 2023-03-26 14:35:20 
Programming running seconds: 3.8735413551330566
