[INFO   ] [logger.py :35] 2023-03-25 22:22:59 
========================================================
2023 S1 COMP90024 Cluster & Cloud Computing Assignment 1
Organization: the University of Melbourne
Author: Wei Zhao & Sunchuangyu Huang
Github: https://github.com/rNLKJA/2023-S1-COMP90024-A1/
========================================================
[INFO   ] [main.py   :30] 2023-03-25 22:22:59 
PROGRAM START
[INFO   ] [utils.py  :19] 2023-03-25 22:22:59 
Parsing kwargs
[INFO   ] [sal_processor.py:69] 2023-03-25 22:22:59 
Loading sal.csv
[INFO   ] [sal_processor.py:72] 2023-03-25 22:22:59 
Missing required sal.csv file, start processing
[INFO   ] [sal_processor.py:19] 2023-03-25 22:22:59 
Loading sal.json into pandas
[INFO   ] [sal_processor.py:28] 2023-03-25 22:22:59 
Remove any location not in city
[INFO   ] [sal_processor.py:32] 2023-03-25 22:22:59 
Substitute brackets in location
[INFO   ] [sal_processor.py:36] 2023-03-25 22:23:00 
Substitude string ' - ' with ' '
[INFO   ] [sal_processor.py:40] 2023-03-25 22:23:00 
Substitude \. with an empty string
[INFO   ] [sal_processor.py:48] 2023-03-25 22:23:00 
Store sal.csv file.
[INFO   ] [sal_processor.py:74] 2023-03-25 22:23:00 
Completed sal.csv
[INFO   ] [sal_processor.py:76] 2023-03-25 22:23:00 
Load sal.csv
[INFO   ] [main.py   :45] 2023-03-25 22:23:00 
Current running on 1 nodes

[INFO   ] [main.py   :46] 2023-03-25 22:23:00 
Target file: twitter-data-small.json

[INFO   ] [main.py   :63] 2023-03-25 22:23:00 
File read complete
[INFO   ] [main.py   :67] 2023-03-25 22:23:00 
Retrive dataframe list
[INFO   ] [main.py   :76] 2023-03-25 22:23:00 
Start merge dataframes
[INFO   ] [main.py   :79] 2023-03-25 22:23:00 
Twitter file twitter-data-small. has a dataframe shape (715, 3)
[INFO   ] [main.py   :83] 2023-03-25 22:23:00 
Programming running seconds: 0.18655824661254883
