usage: main.py [-h] -t TWITTER_FILE_NAME -s SAL [--email EMAIL]
main.py: error: the following arguments are required: -s/--sal
usage: main.py [-h] -t TWITTER_FILE_NAME -s SAL [--email EMAIL]
main.py: error: the following arguments are required: -s/--sal
usage: main.py [-h] -t TWITTER_FILE_NAME -s SAL [--email EMAIL]
main.py: error: the following arguments are required: -s/--sal
usage: main.py [-h] -t TWITTER_FILE_NAME -s SAL [--email EMAIL]
main.py: error: the following arguments are required: -s/--sal
usage: main.py [-h] -t TWITTER_FILE_NAME -s SAL [--email EMAIL]
main.py: error: the following arguments are required: -s/--sal
usage: main.py [-h] -t TWITTER_FILE_NAME -s SAL [--email EMAIL]
main.py: error: the following arguments are required: -s/--sal
usage: main.py [-h] -t TWITTER_FILE_NAME -s SAL [--email EMAIL]
main.py: error: the following arguments are required: -s/--sal
usage: main.py [-h] -t TWITTER_FILE_NAME -s SAL [--email EMAIL]
main.py: error: the following arguments are required: -s/--sal
--------------------------------------------------------------------------
Primary job  terminated normally, but 1 process returned
a non-zero exit code. Per user-direction, the job has been aborted.
--------------------------------------------------------------------------
--------------------------------------------------------------------------
mpiexec detected that one or more processes exited with non-zero status, thus causing
the job to be terminated. The first process to do so was:

  Process name: [[40513,1],5]
  Exit code:    2
--------------------------------------------------------------------------
