Traceback (most recent call last):
  File "/home/sunchuangyuh/A1/main.py", line 15, in <module>
    from scripts.logger import twitter_logger as logger
  File "/home/sunchuangyuh/A1/scripts/logger.py", line 17, in <module>
    level=logging.INFO,
  File "/usr/local/easybuild-2019/easybuild/software/compiler/gcccore/8.3.0/python/3.7.4/lib/python3.7/logging/__init__.py", line 1895, in basicConfig
    h = FileHandler(filename, mode)
  File "/usr/local/easybuild-2019/easybuild/software/compiler/gcccore/8.3.0/python/3.7.4/lib/python3.7/logging/__init__.py", line 1087, in __init__
    StreamHandler.__init__(self, self._open())
  File "/usr/local/easybuild-2019/easybuild/software/compiler/gcccore/8.3.0/python/3.7.4/lib/python3.7/logging/__init__.py", line 1116, in _open
    return open(self.baseFilename, self.mode, encoding=self.encoding)
FileNotFoundError: [Errno 2] No such file or directory: '/data/scratch/projects/doc/log/twitter.log'
--------------------------------------------------------------------------
Primary job  terminated normally, but 1 process returned
a non-zero exit code. Per user-direction, the job has been aborted.
--------------------------------------------------------------------------
--------------------------------------------------------------------------
mpiexec detected that one or more processes exited with non-zero status, thus causing
the job to be terminated. The first process to do so was:

  Process name: [[15532,1],0]
  Exit code:    1
--------------------------------------------------------------------------
srun: error: spartan-bm021: task 0: Exited with exit code 1
