Traceback (most recent call last):
  File "main.py", line 43, in <module>
    sal_df = process_salV1(path=PATH, logger=logger)
  File "/home/sunchuangyuh/A1/scripts/sal_processor.py", line 70, in process_salV1
    return pl.from_pandas(df)
  File "/home/sunchuangyuh/virtualenv/python3.7.4/lib/python3.7/site-packages/polars/utils/decorators.py", line 136, in wrapper
    return function(*args, **kwargs)
  File "/home/sunchuangyuh/virtualenv/python3.7.4/lib/python3.7/site-packages/polars/utils/decorators.py", line 37, in wrapper
    return function(*args, **kwargs)
  File "/home/sunchuangyuh/virtualenv/python3.7.4/lib/python3.7/site-packages/polars/convert.py", line 612, in from_pandas
    include_index=include_index,
  File "/home/sunchuangyuh/virtualenv/python3.7.4/lib/python3.7/site-packages/polars/utils/decorators.py", line 37, in wrapper
    return function(*args, **kwargs)
  File "/home/sunchuangyuh/virtualenv/python3.7.4/lib/python3.7/site-packages/polars/dataframe/frame.py", line 674, in _from_pandas
    include_index=include_index,
  File "/home/sunchuangyuh/virtualenv/python3.7.4/lib/python3.7/site-packages/polars/utils/decorators.py", line 37, in wrapper
    return function(*args, **kwargs)
  File "/home/sunchuangyuh/virtualenv/python3.7.4/lib/python3.7/site-packages/polars/utils/_construction.py", line 1373, in pandas_to_pydf
    data[col], nan_to_null=nan_to_null, length=length
  File "/home/sunchuangyuh/virtualenv/python3.7.4/lib/python3.7/site-packages/polars/utils/decorators.py", line 37, in wrapper
    return function(*args, **kwargs)
  File "/home/sunchuangyuh/virtualenv/python3.7.4/lib/python3.7/site-packages/polars/utils/_construction.py", line 464, in _pandas_series_to_arrow
    return pa.array(values, pa.large_utf8(), from_pandas=nan_to_null)
  File "/home/sunchuangyuh/virtualenv/python3.7.4/lib/python3.7/site-packages/polars/dependencies.py", line 96, in __getattr__
    ) from None
ModuleNotFoundError: pa.array requires 'pyarrow' module to be installed
Traceback (most recent call last):
  File "main.py", line 43, in <module>
    sal_df = process_salV1(path=PATH, logger=logger)
  File "/home/sunchuangyuh/A1/scripts/sal_processor.py", line 70, in process_salV1
    return pl.from_pandas(df)
  File "/home/sunchuangyuh/virtualenv/python3.7.4/lib/python3.7/site-packages/polars/utils/decorators.py", line 136, in wrapper
    return function(*args, **kwargs)
  File "/home/sunchuangyuh/virtualenv/python3.7.4/lib/python3.7/site-packages/polars/utils/decorators.py", line 37, in wrapper
    return function(*args, **kwargs)
  File "/home/sunchuangyuh/virtualenv/python3.7.4/lib/python3.7/site-packages/polars/convert.py", line 612, in from_pandas
    include_index=include_index,
  File "/home/sunchuangyuh/virtualenv/python3.7.4/lib/python3.7/site-packages/polars/utils/decorators.py", line 37, in wrapper
    return function(*args, **kwargs)
  File "/home/sunchuangyuh/virtualenv/python3.7.4/lib/python3.7/site-packages/polars/dataframe/frame.py", line 674, in _from_pandas
    include_index=include_index,
  File "/home/sunchuangyuh/virtualenv/python3.7.4/lib/python3.7/site-packages/polars/utils/decorators.py", line 37, in wrapper
    return function(*args, **kwargs)
  File "/home/sunchuangyuh/virtualenv/python3.7.4/lib/python3.7/site-packages/polars/utils/_construction.py", line 1373, in pandas_to_pydf
    data[col], nan_to_null=nan_to_null, length=length
  File "/home/sunchuangyuh/virtualenv/python3.7.4/lib/python3.7/site-packages/polars/utils/decorators.py", line 37, in wrapper
    return function(*args, **kwargs)
  File "/home/sunchuangyuh/virtualenv/python3.7.4/lib/python3.7/site-packages/polars/utils/_construction.py", line 464, in _pandas_series_to_arrow
    return pa.array(values, pa.large_utf8(), from_pandas=nan_to_null)
  File "/home/sunchuangyuh/virtualenv/python3.7.4/lib/python3.7/site-packages/polars/dependencies.py", line 96, in __getattr__
    ) from None
ModuleNotFoundError: pa.array requires 'pyarrow' module to be installed
Traceback (most recent call last):
  File "main.py", line 43, in <module>
    sal_df = process_salV1(path=PATH, logger=logger)
  File "/home/sunchuangyuh/A1/scripts/sal_processor.py", line 70, in process_salV1
    return pl.from_pandas(df)
  File "/home/sunchuangyuh/virtualenv/python3.7.4/lib/python3.7/site-packages/polars/utils/decorators.py", line 136, in wrapper
    return function(*args, **kwargs)
  File "/home/sunchuangyuh/virtualenv/python3.7.4/lib/python3.7/site-packages/polars/utils/decorators.py", line 37, in wrapper
    return function(*args, **kwargs)
  File "/home/sunchuangyuh/virtualenv/python3.7.4/lib/python3.7/site-packages/polars/convert.py", line 612, in from_pandas
    include_index=include_index,
  File "/home/sunchuangyuh/virtualenv/python3.7.4/lib/python3.7/site-packages/polars/utils/decorators.py", line 37, in wrapper
    return function(*args, **kwargs)
  File "/home/sunchuangyuh/virtualenv/python3.7.4/lib/python3.7/site-packages/polars/dataframe/frame.py", line 674, in _from_pandas
    include_index=include_index,
  File "/home/sunchuangyuh/virtualenv/python3.7.4/lib/python3.7/site-packages/polars/utils/decorators.py", line 37, in wrapper
    return function(*args, **kwargs)
  File "/home/sunchuangyuh/virtualenv/python3.7.4/lib/python3.7/site-packages/polars/utils/_construction.py", line 1373, in pandas_to_pydf
    data[col], nan_to_null=nan_to_null, length=length
  File "/home/sunchuangyuh/virtualenv/python3.7.4/lib/python3.7/site-packages/polars/utils/decorators.py", line 37, in wrapper
    return function(*args, **kwargs)
  File "/home/sunchuangyuh/virtualenv/python3.7.4/lib/python3.7/site-packages/polars/utils/_construction.py", line 464, in _pandas_series_to_arrow
    return pa.array(values, pa.large_utf8(), from_pandas=nan_to_null)
  File "/home/sunchuangyuh/virtualenv/python3.7.4/lib/python3.7/site-packages/polars/dependencies.py", line 96, in __getattr__
    ) from None
ModuleNotFoundError: pa.array requires 'pyarrow' module to be installed
Traceback (most recent call last):
  File "main.py", line 43, in <module>
    sal_df = process_salV1(path=PATH, logger=logger)
  File "/home/sunchuangyuh/A1/scripts/sal_processor.py", line 70, in process_salV1
    return pl.from_pandas(df)
  File "/home/sunchuangyuh/virtualenv/python3.7.4/lib/python3.7/site-packages/polars/utils/decorators.py", line 136, in wrapper
    return function(*args, **kwargs)
  File "/home/sunchuangyuh/virtualenv/python3.7.4/lib/python3.7/site-packages/polars/utils/decorators.py", line 37, in wrapper
    return function(*args, **kwargs)
  File "/home/sunchuangyuh/virtualenv/python3.7.4/lib/python3.7/site-packages/polars/convert.py", line 612, in from_pandas
    include_index=include_index,
  File "/home/sunchuangyuh/virtualenv/python3.7.4/lib/python3.7/site-packages/polars/utils/decorators.py", line 37, in wrapper
    return function(*args, **kwargs)
  File "/home/sunchuangyuh/virtualenv/python3.7.4/lib/python3.7/site-packages/polars/dataframe/frame.py", line 674, in _from_pandas
    include_index=include_index,
  File "/home/sunchuangyuh/virtualenv/python3.7.4/lib/python3.7/site-packages/polars/utils/decorators.py", line 37, in wrapper
    return function(*args, **kwargs)
  File "/home/sunchuangyuh/virtualenv/python3.7.4/lib/python3.7/site-packages/polars/utils/_construction.py", line 1373, in pandas_to_pydf
    data[col], nan_to_null=nan_to_null, length=length
  File "/home/sunchuangyuh/virtualenv/python3.7.4/lib/python3.7/site-packages/polars/utils/decorators.py", line 37, in wrapper
    return function(*args, **kwargs)
  File "/home/sunchuangyuh/virtualenv/python3.7.4/lib/python3.7/site-packages/polars/utils/_construction.py", line 464, in _pandas_series_to_arrow
    return pa.array(values, pa.large_utf8(), from_pandas=nan_to_null)
  File "/home/sunchuangyuh/virtualenv/python3.7.4/lib/python3.7/site-packages/polars/dependencies.py", line 96, in __getattr__
    ) from None
ModuleNotFoundError: pa.array requires 'pyarrow' module to be installed
Traceback (most recent call last):
  File "main.py", line 43, in <module>
    sal_df = process_salV1(path=PATH, logger=logger)
  File "/home/sunchuangyuh/A1/scripts/sal_processor.py", line 70, in process_salV1
    return pl.from_pandas(df)
  File "/home/sunchuangyuh/virtualenv/python3.7.4/lib/python3.7/site-packages/polars/utils/decorators.py", line 136, in wrapper
    return function(*args, **kwargs)
  File "/home/sunchuangyuh/virtualenv/python3.7.4/lib/python3.7/site-packages/polars/utils/decorators.py", line 37, in wrapper
    return function(*args, **kwargs)
  File "/home/sunchuangyuh/virtualenv/python3.7.4/lib/python3.7/site-packages/polars/convert.py", line 612, in from_pandas
    include_index=include_index,
  File "/home/sunchuangyuh/virtualenv/python3.7.4/lib/python3.7/site-packages/polars/utils/decorators.py", line 37, in wrapper
    return function(*args, **kwargs)
  File "/home/sunchuangyuh/virtualenv/python3.7.4/lib/python3.7/site-packages/polars/dataframe/frame.py", line 674, in _from_pandas
    include_index=include_index,
  File "/home/sunchuangyuh/virtualenv/python3.7.4/lib/python3.7/site-packages/polars/utils/decorators.py", line 37, in wrapper
    return function(*args, **kwargs)
  File "/home/sunchuangyuh/virtualenv/python3.7.4/lib/python3.7/site-packages/polars/utils/_construction.py", line 1373, in pandas_to_pydf
    data[col], nan_to_null=nan_to_null, length=length
  File "/home/sunchuangyuh/virtualenv/python3.7.4/lib/python3.7/site-packages/polars/utils/decorators.py", line 37, in wrapper
    return function(*args, **kwargs)
  File "/home/sunchuangyuh/virtualenv/python3.7.4/lib/python3.7/site-packages/polars/utils/_construction.py", line 464, in _pandas_series_to_arrow
    return pa.array(values, pa.large_utf8(), from_pandas=nan_to_null)
  File "/home/sunchuangyuh/virtualenv/python3.7.4/lib/python3.7/site-packages/polars/dependencies.py", line 96, in __getattr__
    ) from None
ModuleNotFoundError: pa.array requires 'pyarrow' module to be installed
Traceback (most recent call last):
  File "main.py", line 43, in <module>
    sal_df = process_salV1(path=PATH, logger=logger)
  File "/home/sunchuangyuh/A1/scripts/sal_processor.py", line 70, in process_salV1
    return pl.from_pandas(df)
  File "/home/sunchuangyuh/virtualenv/python3.7.4/lib/python3.7/site-packages/polars/utils/decorators.py", line 136, in wrapper
    return function(*args, **kwargs)
  File "/home/sunchuangyuh/virtualenv/python3.7.4/lib/python3.7/site-packages/polars/utils/decorators.py", line 37, in wrapper
    return function(*args, **kwargs)
  File "/home/sunchuangyuh/virtualenv/python3.7.4/lib/python3.7/site-packages/polars/convert.py", line 612, in from_pandas
    include_index=include_index,
  File "/home/sunchuangyuh/virtualenv/python3.7.4/lib/python3.7/site-packages/polars/utils/decorators.py", line 37, in wrapper
    return function(*args, **kwargs)
  File "/home/sunchuangyuh/virtualenv/python3.7.4/lib/python3.7/site-packages/polars/dataframe/frame.py", line 674, in _from_pandas
    include_index=include_index,
  File "/home/sunchuangyuh/virtualenv/python3.7.4/lib/python3.7/site-packages/polars/utils/decorators.py", line 37, in wrapper
    return function(*args, **kwargs)
  File "/home/sunchuangyuh/virtualenv/python3.7.4/lib/python3.7/site-packages/polars/utils/_construction.py", line 1373, in pandas_to_pydf
    data[col], nan_to_null=nan_to_null, length=length
  File "/home/sunchuangyuh/virtualenv/python3.7.4/lib/python3.7/site-packages/polars/utils/decorators.py", line 37, in wrapper
    return function(*args, **kwargs)
  File "/home/sunchuangyuh/virtualenv/python3.7.4/lib/python3.7/site-packages/polars/utils/_construction.py", line 464, in _pandas_series_to_arrow
    return pa.array(values, pa.large_utf8(), from_pandas=nan_to_null)
  File "/home/sunchuangyuh/virtualenv/python3.7.4/lib/python3.7/site-packages/polars/dependencies.py", line 96, in __getattr__
    ) from None
ModuleNotFoundError: pa.array requires 'pyarrow' module to be installed
Traceback (most recent call last):
  File "main.py", line 43, in <module>
    sal_df = process_salV1(path=PATH, logger=logger)
  File "/home/sunchuangyuh/A1/scripts/sal_processor.py", line 70, in process_salV1
    return pl.from_pandas(df)
  File "/home/sunchuangyuh/virtualenv/python3.7.4/lib/python3.7/site-packages/polars/utils/decorators.py", line 136, in wrapper
    return function(*args, **kwargs)
  File "/home/sunchuangyuh/virtualenv/python3.7.4/lib/python3.7/site-packages/polars/utils/decorators.py", line 37, in wrapper
    return function(*args, **kwargs)
  File "/home/sunchuangyuh/virtualenv/python3.7.4/lib/python3.7/site-packages/polars/convert.py", line 612, in from_pandas
    include_index=include_index,
  File "/home/sunchuangyuh/virtualenv/python3.7.4/lib/python3.7/site-packages/polars/utils/decorators.py", line 37, in wrapper
    return function(*args, **kwargs)
  File "/home/sunchuangyuh/virtualenv/python3.7.4/lib/python3.7/site-packages/polars/dataframe/frame.py", line 674, in _from_pandas
    include_index=include_index,
  File "/home/sunchuangyuh/virtualenv/python3.7.4/lib/python3.7/site-packages/polars/utils/decorators.py", line 37, in wrapper
    return function(*args, **kwargs)
  File "/home/sunchuangyuh/virtualenv/python3.7.4/lib/python3.7/site-packages/polars/utils/_construction.py", line 1373, in pandas_to_pydf
    data[col], nan_to_null=nan_to_null, length=length
  File "/home/sunchuangyuh/virtualenv/python3.7.4/lib/python3.7/site-packages/polars/utils/decorators.py", line 37, in wrapper
    return function(*args, **kwargs)
  File "/home/sunchuangyuh/virtualenv/python3.7.4/lib/python3.7/site-packages/polars/utils/_construction.py", line 464, in _pandas_series_to_arrow
    return pa.array(values, pa.large_utf8(), from_pandas=nan_to_null)
  File "/home/sunchuangyuh/virtualenv/python3.7.4/lib/python3.7/site-packages/polars/dependencies.py", line 96, in __getattr__
    ) from None
ModuleNotFoundError: pa.array requires 'pyarrow' module to be installed
Traceback (most recent call last):
  File "main.py", line 43, in <module>
    sal_df = process_salV1(path=PATH, logger=logger)
  File "/home/sunchuangyuh/A1/scripts/sal_processor.py", line 70, in process_salV1
    return pl.from_pandas(df)
  File "/home/sunchuangyuh/virtualenv/python3.7.4/lib/python3.7/site-packages/polars/utils/decorators.py", line 136, in wrapper
    return function(*args, **kwargs)
  File "/home/sunchuangyuh/virtualenv/python3.7.4/lib/python3.7/site-packages/polars/utils/decorators.py", line 37, in wrapper
    return function(*args, **kwargs)
  File "/home/sunchuangyuh/virtualenv/python3.7.4/lib/python3.7/site-packages/polars/convert.py", line 612, in from_pandas
    include_index=include_index,
  File "/home/sunchuangyuh/virtualenv/python3.7.4/lib/python3.7/site-packages/polars/utils/decorators.py", line 37, in wrapper
    return function(*args, **kwargs)
  File "/home/sunchuangyuh/virtualenv/python3.7.4/lib/python3.7/site-packages/polars/dataframe/frame.py", line 674, in _from_pandas
    include_index=include_index,
  File "/home/sunchuangyuh/virtualenv/python3.7.4/lib/python3.7/site-packages/polars/utils/decorators.py", line 37, in wrapper
    return function(*args, **kwargs)
  File "/home/sunchuangyuh/virtualenv/python3.7.4/lib/python3.7/site-packages/polars/utils/_construction.py", line 1373, in pandas_to_pydf
    data[col], nan_to_null=nan_to_null, length=length
  File "/home/sunchuangyuh/virtualenv/python3.7.4/lib/python3.7/site-packages/polars/utils/decorators.py", line 37, in wrapper
    return function(*args, **kwargs)
  File "/home/sunchuangyuh/virtualenv/python3.7.4/lib/python3.7/site-packages/polars/utils/_construction.py", line 464, in _pandas_series_to_arrow
    return pa.array(values, pa.large_utf8(), from_pandas=nan_to_null)
  File "/home/sunchuangyuh/virtualenv/python3.7.4/lib/python3.7/site-packages/polars/dependencies.py", line 96, in __getattr__
    ) from None
ModuleNotFoundError: pa.array requires 'pyarrow' module to be installed
--------------------------------------------------------------------------
Primary job  terminated normally, but 1 process returned
a non-zero exit code. Per user-direction, the job has been aborted.
--------------------------------------------------------------------------
--------------------------------------------------------------------------
mpiexec detected that one or more processes exited with non-zero status, thus causing
the job to be terminated. The first process to do so was:

  Process name: [[55056,1],0]
  Exit code:    1
--------------------------------------------------------------------------
